# JRE version: OpenJDK Runtime Environment (11.0.10) (build 11.0.10+0-b96-7249189)
# Java VM: OpenJDK 64-Bit Server VM (11.0.10+0-b96-7249189, mixed mode, tiered, compressed oops, g1 gc, windows-amd64)
Heap:
 garbage-first heap   total 512000K, used 328617K [0x0000000080000000, 0x0000000100000000)
  region size 1024K, 63 young (64512K), 7 survivors (7168K)
 Metaspace       used 177629K, capacity 182839K, committed 183040K, reserved 1208320K
  class space    used 22792K, capacity 24731K, committed 24832K, reserved 1048576K
GC Heap History (20 events):
Event: 449.354 GC heap before
{Heap before GC invocations=106 (full 0):
 garbage-first heap   total 396288K, used 317867K [0x0000000080000000, 0x0000000100000000)
  region size 1024K, 67 young (68608K), 3 survivors (3072K)
 Metaspace       used 176453K, capacity 181557K, committed 181888K, reserved 1206272K
  class space    used 22725K, capacity 24624K, committed 24704K, reserved 1048576K
}
Event: 449.362 GC heap after
{Heap after GC invocations=107 (full 0):
 garbage-first heap   total 396288K, used 254364K [0x0000000080000000, 0x0000000100000000)
  region size 1024K, 4 young (4096K), 4 survivors (4096K)
 Metaspace       used 176453K, capacity 181557K, committed 181888K, reserved 1206272K
  class space    used 22725K, capacity 24624K, committed 24704K, reserved 1048576K
}
Event: 449.838 GC heap before
{Heap before GC invocations=107 (full 0):
 garbage-first heap   total 396288K, used 322972K [0x0000000080000000, 0x0000000100000000)
  region size 1024K, 71 young (72704K), 4 survivors (4096K)
 Metaspace       used 176871K, capacity 182038K, committed 182272K, reserved 1206272K
  class space    used 22783K, capacity 24718K, committed 24832K, reserved 1048576K
}
Event: 449.847 GC heap after
{Heap after GC invocations=108 (full 0):
 garbage-first heap   total 396288K, used 253809K [0x0000000080000000, 0x0000000100000000)
  region size 1024K, 3 young (3072K), 3 survivors (3072K)
 Metaspace       used 176871K, capacity 182038K, committed 182272K, reserved 1206272K
  class space    used 22783K, capacity 24718K, committed 24832K, reserved 1048576K
}
Event: 450.094 GC heap before
{Heap before GC invocations=108 (full 0):
 garbage-first heap   total 396288K, used 324465K [0x0000000080000000, 0x0000000100000000)
  region size 1024K, 73 young (74752K), 3 survivors (3072K)
 Metaspace       used 177076K, capacity 182313K, committed 182528K, reserved 1206272K
  class space    used 22784K, capacity 24719K, committed 24832K, reserved 1048576K
}
Event: 450.107 GC heap after
{Heap after GC invocations=109 (full 0):
 garbage-first heap   total 396288K, used 259810K [0x0000000080000000, 0x0000000100000000)
  region size 1024K, 9 young (9216K), 9 survivors (9216K)
 Metaspace       used 177076K, capacity 182313K, committed 182528K, reserved 1206272K
  class space    used 22784K, capacity 24719K, committed 24832K, reserved 1048576K
}
Event: 450.288 GC heap before
{Heap before GC invocations=109 (full 0):
 garbage-first heap   total 396288K, used 330466K [0x0000000080000000, 0x0000000100000000)
  region size 1024K, 78 young (79872K), 9 survivors (9216K)
 Metaspace       used 177257K, capacity 182514K, committed 182784K, reserved 1208320K
  class space    used 22784K, capacity 24720K, committed 24832K, reserved 1048576K
}
Event: 450.350 GC heap after
{Heap after GC invocations=110 (full 0):
 garbage-first heap   total 396288K, used 262568K [0x0000000080000000, 0x0000000100000000)
  region size 1024K, 5 young (5120K), 5 survivors (5120K)
 Metaspace       used 177257K, capacity 182514K, committed 182784K, reserved 1208320K
  class space    used 22784K, capacity 24720K, committed 24832K, reserved 1048576K
}
Event: 450.482 GC heap before
{Heap before GC invocations=110 (full 0):
 garbage-first heap   total 396288K, used 332200K [0x0000000080000000, 0x0000000100000000)
  region size 1024K, 73 young (74752K), 5 survivors (5120K)
 Metaspace       used 177321K, capacity 182530K, committed 182784K, reserved 1208320K
  class space    used 22787K, capacity 24725K, committed 24832K, reserved 1048576K
}
Event: 450.493 GC heap after
{Heap after GC invocations=111 (full 0):
 garbage-first heap   total 396288K, used 265764K [0x0000000080000000, 0x0000000100000000)
  region size 1024K, 9 young (9216K), 9 survivors (9216K)
 Metaspace       used 177321K, capacity 182530K, committed 182784K, reserved 1208320K
  class space    used 22787K, capacity 24725K, committed 24832K, reserved 1048576K
}
Event: 450.656 GC heap before
{Heap before GC invocations=111 (full 0):
 garbage-first heap   total 396288K, used 334372K [0x0000000080000000, 0x0000000100000000)
  region size 1024K, 76 young (77824K), 9 survivors (9216K)
 Metaspace       used 177448K, capacity 182676K, committed 182784K, reserved 1208320K
  class space    used 22788K, capacity 24725K, committed 24832K, reserved 1048576K
}
Event: 450.672 GC heap after
{Heap after GC invocations=112 (full 0):
 garbage-first heap   total 396288K, used 268764K [0x0000000080000000, 0x0000000100000000)
  region size 1024K, 8 young (8192K), 8 survivors (8192K)
 Metaspace       used 177448K, capacity 182676K, committed 182784K, reserved 1208320K
  class space    used 22788K, capacity 24725K, committed 24832K, reserved 1048576K
}
Event: 450.825 GC heap before
{Heap before GC invocations=112 (full 0):
 garbage-first heap   total 396288K, used 337372K [0x0000000080000000, 0x0000000100000000)
  region size 1024K, 75 young (76800K), 8 survivors (8192K)
 Metaspace       used 177502K, capacity 182749K, committed 183040K, reserved 1208320K
  class space    used 22789K, capacity 24726K, committed 24832K, reserved 1048576K
}
Event: 450.839 GC heap after
{Heap after GC invocations=113 (full 0):
 garbage-first heap   total 396288K, used 268427K [0x0000000080000000, 0x0000000100000000)
  region size 1024K, 3 young (3072K), 3 survivors (3072K)
 Metaspace       used 177502K, capacity 182749K, committed 183040K, reserved 1208320K
  class space    used 22789K, capacity 24726K, committed 24832K, reserved 1048576K
}
Event: 451.033 GC heap before
{Heap before GC invocations=113 (full 0):
 garbage-first heap   total 396288K, used 339083K [0x0000000080000000, 0x0000000100000000)
  region size 1024K, 72 young (73728K), 3 survivors (3072K)
 Metaspace       used 177565K, capacity 182761K, committed 183040K, reserved 1208320K
  class space    used 22789K, capacity 24727K, committed 24832K, reserved 1048576K
}
Event: 451.040 GC heap after
{Heap after GC invocations=114 (full 0):
 garbage-first heap   total 396288K, used 269823K [0x0000000080000000, 0x0000000100000000)
  region size 1024K, 5 young (5120K), 5 survivors (5120K)
 Metaspace       used 177565K, capacity 182761K, committed 183040K, reserved 1208320K
  class space    used 22789K, capacity 24727K, committed 24832K, reserved 1048576K
}
Event: 451.169 GC heap before
{Heap before GC invocations=114 (full 0):
 garbage-first heap   total 396288K, used 339455K [0x0000000080000000, 0x0000000100000000)
  region size 1024K, 74 young (75776K), 5 survivors (5120K)
 Metaspace       used 177589K, capacity 182827K, committed 183040K, reserved 1208320K
  class space    used 22789K, capacity 24727K, committed 24832K, reserved 1048576K
}
Event: 451.179 GC heap after
{Heap after GC invocations=115 (full 0):
 garbage-first heap   total 396288K, used 270677K [0x0000000080000000, 0x0000000100000000)
  region size 1024K, 6 young (6144K), 6 survivors (6144K)
 Metaspace       used 177589K, capacity 182827K, committed 183040K, reserved 1208320K
  class space    used 22789K, capacity 24727K, committed 24832K, reserved 1048576K
}
Event: 451.268 GC heap before
{Heap before GC invocations=115 (full 0):
 garbage-first heap   total 396288K, used 340309K [0x0000000080000000, 0x0000000100000000)
  region size 1024K, 75 young (76800K), 6 survivors (6144K)
 Metaspace       used 177605K, capacity 182838K, committed 183040K, reserved 1208320K
  class space    used 22792K, capacity 24731K, committed 24832K, reserved 1048576K
}
Event: 451.282 GC heap after
{Heap after GC invocations=116 (full 0):
 garbage-first heap   total 512000K, used 272297K [0x0000000080000000, 0x0000000100000000)
  region size 1024K, 7 young (7168K), 7 survivors (7168K)
 Metaspace       used 177605K, capacity 182838K, committed 183040K, reserved 1208320K
  class space    used 22792K, capacity 24731K, committed 24832K, reserved 1048576K
}

