# JRE version: OpenJDK Runtime Environment (11.0.10) (build 11.0.10+0-b96-7249189)
# Java VM: OpenJDK 64-Bit Server VM (11.0.10+0-b96-7249189, mixed mode, tiered, compressed oops, g1 gc, windows-amd64)
Heap:
 garbage-first heap   total 529408K, used 314240K [0x0000000080000000, 0x0000000100000000)
  region size 1024K, 90 young (92160K), 5 survivors (5120K)
 Metaspace       used 158626K, capacity 164297K, committed 169216K, reserved 1196032K
  class space    used 19233K, capacity 21281K, committed 22016K, reserved 1048576K
GC Heap History (20 events):
Event: 22696.097 GC heap before
{Heap before GC invocations=348 (full 0):
 garbage-first heap   total 529408K, used 204410K [0x0000000080000000, 0x0000000100000000)
  region size 1024K, 59 young (60416K), 7 survivors (7168K)
 Metaspace       used 161884K, capacity 167594K, committed 168320K, reserved 1196032K
  class space    used 19716K, capacity 21754K, committed 21888K, reserved 1048576K
}
Event: 22696.115 GC heap after
{Heap after GC invocations=349 (full 0):
 garbage-first heap   total 529408K, used 157858K [0x0000000080000000, 0x0000000100000000)
  region size 1024K, 12 young (12288K), 12 survivors (12288K)
 Metaspace       used 161884K, capacity 167594K, committed 168320K, reserved 1196032K
  class space    used 19716K, capacity 21754K, committed 21888K, reserved 1048576K
}
Event: 22699.851 GC heap before
{Heap before GC invocations=350 (full 0):
 garbage-first heap   total 529408K, used 268450K [0x0000000080000000, 0x0000000100000000)
  region size 1024K, 120 young (122880K), 12 survivors (12288K)
 Metaspace       used 162684K, capacity 168385K, committed 169216K, reserved 1196032K
  class space    used 19692K, capacity 21779K, committed 22016K, reserved 1048576K
}
Event: 22699.917 GC heap after
{Heap after GC invocations=351 (full 0):
 garbage-first heap   total 529408K, used 163330K [0x0000000080000000, 0x0000000100000000)
  region size 1024K, 14 young (14336K), 14 survivors (14336K)
 Metaspace       used 162684K, capacity 168385K, committed 169216K, reserved 1196032K
  class space    used 19692K, capacity 21779K, committed 22016K, reserved 1048576K
}
Event: 22728.907 GC heap before
{Heap before GC invocations=351 (full 0):
 garbage-first heap   total 529408K, used 173570K [0x0000000080000000, 0x0000000100000000)
  region size 1024K, 25 young (25600K), 14 survivors (14336K)
 Metaspace       used 163074K, capacity 168894K, committed 169216K, reserved 1196032K
  class space    used 19744K, capacity 21869K, committed 22016K, reserved 1048576K
}
Event: 22729.303 GC heap after
{Heap after GC invocations=352 (full 0):
 garbage-first heap   total 529408K, used 164379K [0x0000000080000000, 0x0000000100000000)
  region size 1024K, 3 young (3072K), 3 survivors (3072K)
 Metaspace       used 163074K, capacity 168894K, committed 169216K, reserved 1196032K
  class space    used 19744K, capacity 21869K, committed 22016K, reserved 1048576K
}
Event: 22736.735 GC heap before
{Heap before GC invocations=352 (full 0):
 garbage-first heap   total 529408K, used 207387K [0x0000000080000000, 0x0000000100000000)
  region size 1024K, 46 young (47104K), 3 survivors (3072K)
 Metaspace       used 163134K, capacity 168995K, committed 169216K, reserved 1196032K
  class space    used 19747K, capacity 21875K, committed 22016K, reserved 1048576K
}
Event: 22736.891 GC heap after
{Heap after GC invocations=353 (full 0):
 garbage-first heap   total 529408K, used 168287K [0x0000000080000000, 0x0000000100000000)
  region size 1024K, 7 young (7168K), 7 survivors (7168K)
 Metaspace       used 163134K, capacity 168995K, committed 169216K, reserved 1196032K
  class space    used 19747K, capacity 21875K, committed 22016K, reserved 1048576K
}
Event: 22754.216 GC heap before
{Heap before GC invocations=354 (full 0):
 garbage-first heap   total 529408K, used 381279K [0x0000000080000000, 0x0000000100000000)
  region size 1024K, 203 young (207872K), 7 survivors (7168K)
 Metaspace       used 157707K, capacity 163294K, committed 169216K, reserved 1196032K
  class space    used 19126K, capacity 21154K, committed 22016K, reserved 1048576K
}
Event: 22754.637 GC heap after
{Heap after GC invocations=355 (full 0):
 garbage-first heap   total 529408K, used 210777K [0x0000000080000000, 0x0000000100000000)
  region size 1024K, 26 young (26624K), 26 survivors (26624K)
 Metaspace       used 157707K, capacity 163294K, committed 169216K, reserved 1196032K
  class space    used 19126K, capacity 21154K, committed 22016K, reserved 1048576K
}
Event: 22754.655 GC heap before
{Heap before GC invocations=355 (full 0):
 garbage-first heap   total 529408K, used 211801K [0x0000000080000000, 0x0000000100000000)
  region size 1024K, 27 young (27648K), 26 survivors (26624K)
 Metaspace       used 157707K, capacity 163294K, committed 169216K, reserved 1196032K
  class space    used 19126K, capacity 21154K, committed 22016K, reserved 1048576K
}
Event: 22754.780 GC heap after
{Heap after GC invocations=356 (full 0):
 garbage-first heap   total 529408K, used 206570K [0x0000000080000000, 0x0000000100000000)
  region size 1024K, 1 young (1024K), 1 survivors (1024K)
 Metaspace       used 157707K, capacity 163294K, committed 169216K, reserved 1196032K
  class space    used 19126K, capacity 21154K, committed 22016K, reserved 1048576K
}
Event: 22755.644 GC heap before
{Heap before GC invocations=356 (full 0):
 garbage-first heap   total 529408K, used 237290K [0x0000000080000000, 0x0000000100000000)
  region size 1024K, 33 young (33792K), 1 survivors (1024K)
 Metaspace       used 157717K, capacity 163294K, committed 169216K, reserved 1196032K
  class space    used 19126K, capacity 21154K, committed 22016K, reserved 1048576K
}
Event: 22755.693 GC heap after
{Heap after GC invocations=357 (full 0):
 garbage-first heap   total 529408K, used 211690K [0x0000000080000000, 0x0000000100000000)
  region size 1024K, 6 young (6144K), 6 survivors (6144K)
 Metaspace       used 157717K, capacity 163294K, committed 169216K, reserved 1196032K
  class space    used 19126K, capacity 21154K, committed 22016K, reserved 1048576K
}
Event: 22763.428 GC heap before
{Heap before GC invocations=358 (full 0):
 garbage-first heap   total 529408K, used 413418K [0x0000000080000000, 0x0000000100000000)
  region size 1024K, 187 young (191488K), 6 survivors (6144K)
 Metaspace       used 158630K, capacity 164312K, committed 169216K, reserved 1196032K
  class space    used 19236K, capacity 21285K, committed 22016K, reserved 1048576K
}
Event: 22763.528 GC heap after
{Heap after GC invocations=359 (full 0):
 garbage-first heap   total 529408K, used 209980K [0x0000000080000000, 0x0000000100000000)
  region size 1024K, 5 young (5120K), 5 survivors (5120K)
 Metaspace       used 158630K, capacity 164312K, committed 169216K, reserved 1196032K
  class space    used 19236K, capacity 21285K, committed 22016K, reserved 1048576K
}
Event: 22764.056 GC heap before
{Heap before GC invocations=359 (full 0):
 garbage-first heap   total 529408K, used 229436K [0x0000000080000000, 0x0000000100000000)
  region size 1024K, 25 young (25600K), 5 survivors (5120K)
 Metaspace       used 158630K, capacity 164312K, committed 169216K, reserved 1196032K
  class space    used 19236K, capacity 21285K, committed 22016K, reserved 1048576K
}
Event: 22764.167 GC heap after
{Heap after GC invocations=360 (full 0):
 garbage-first heap   total 529408K, used 201139K [0x0000000080000000, 0x0000000100000000)
  region size 1024K, 3 young (3072K), 3 survivors (3072K)
 Metaspace       used 158630K, capacity 164312K, committed 169216K, reserved 1196032K
  class space    used 19236K, capacity 21285K, committed 22016K, reserved 1048576K
}
Event: 22764.482 GC heap before
{Heap before GC invocations=360 (full 0):
 garbage-first heap   total 529408K, used 212403K [0x0000000080000000, 0x0000000100000000)
  region size 1024K, 15 young (15360K), 3 survivors (3072K)
 Metaspace       used 158631K, capacity 164312K, committed 169216K, reserved 1196032K
  class space    used 19236K, capacity 21285K, committed 22016K, reserved 1048576K
}
Event: 22764.530 GC heap after
{Heap after GC invocations=361 (full 0):
 garbage-first heap   total 529408K, used 202624K [0x0000000080000000, 0x0000000100000000)
  region size 1024K, 5 young (5120K), 5 survivors (5120K)
 Metaspace       used 158631K, capacity 164312K, committed 169216K, reserved 1196032K
  class space    used 19236K, capacity 21285K, committed 22016K, reserved 1048576K
}

