# JRE version: OpenJDK Runtime Environment (11.0.10) (build 11.0.10+0-b96-7249189)
# Java VM: OpenJDK 64-Bit Server VM (11.0.10+0-b96-7249189, mixed mode, tiered, compressed oops, g1 gc, windows-amd64)
Heap:
 garbage-first heap   total 731136K, used 209201K [0x0000000080000000, 0x0000000100000000)
  region size 1024K, 3 young (3072K), 3 survivors (3072K)
 Metaspace       used 152104K, capacity 156636K, committed 157056K, reserved 1185792K
  class space    used 18764K, capacity 20419K, committed 20608K, reserved 1048576K
GC Heap History (20 events):
Event: 13134.560 GC heap after
{Heap after GC invocations=148 (full 0):
 garbage-first heap   total 389120K, used 176317K [0x0000000080000000, 0x0000000100000000)
  region size 1024K, 3 young (3072K), 3 survivors (3072K)
 Metaspace       used 151640K, capacity 156312K, committed 156800K, reserved 1185792K
  class space    used 18763K, capacity 20437K, committed 20608K, reserved 1048576K
}
Event: 13139.297 GC heap before
{Heap before GC invocations=149 (full 0):
 garbage-first heap   total 389120K, used 245949K [0x0000000080000000, 0x0000000100000000)
  region size 1024K, 65 young (66560K), 3 survivors (3072K)
 Metaspace       used 151663K, capacity 156244K, committed 156800K, reserved 1185792K
  class space    used 18749K, capacity 20393K, committed 20608K, reserved 1048576K
}
Event: 13139.333 GC heap after
{Heap after GC invocations=150 (full 0):
 garbage-first heap   total 389120K, used 176757K [0x0000000080000000, 0x0000000100000000)
  region size 1024K, 5 young (5120K), 5 survivors (5120K)
 Metaspace       used 151663K, capacity 156244K, committed 156800K, reserved 1185792K
  class space    used 18749K, capacity 20393K, committed 20608K, reserved 1048576K
}
Event: 13139.717 GC heap before
{Heap before GC invocations=150 (full 0):
 garbage-first heap   total 389120K, used 191093K [0x0000000080000000, 0x0000000100000000)
  region size 1024K, 19 young (19456K), 5 survivors (5120K)
 Metaspace       used 151663K, capacity 156244K, committed 156800K, reserved 1185792K
  class space    used 18749K, capacity 20393K, committed 20608K, reserved 1048576K
}
Event: 13139.891 GC heap after
{Heap after GC invocations=151 (full 0):
 garbage-first heap   total 389120K, used 168369K [0x0000000080000000, 0x0000000100000000)
  region size 1024K, 1 young (1024K), 1 survivors (1024K)
 Metaspace       used 151663K, capacity 156244K, committed 156800K, reserved 1185792K
  class space    used 18749K, capacity 20393K, committed 20608K, reserved 1048576K
}
Event: 13140.503 GC heap before
{Heap before GC invocations=151 (full 0):
 garbage-first heap   total 389120K, used 201137K [0x0000000080000000, 0x0000000100000000)
  region size 1024K, 19 young (19456K), 1 survivors (1024K)
 Metaspace       used 151704K, capacity 156244K, committed 156800K, reserved 1185792K
  class space    used 18749K, capacity 20393K, committed 20608K, reserved 1048576K
}
Event: 13140.512 GC heap after
{Heap after GC invocations=152 (full 0):
 garbage-first heap   total 389120K, used 168574K [0x0000000080000000, 0x0000000100000000)
  region size 1024K, 1 young (1024K), 1 survivors (1024K)
 Metaspace       used 151704K, capacity 156244K, committed 156800K, reserved 1185792K
  class space    used 18749K, capacity 20393K, committed 20608K, reserved 1048576K
}
Event: 13140.728 GC heap before
{Heap before GC invocations=152 (full 0):
 garbage-first heap   total 389120K, used 249470K [0x0000000080000000, 0x0000000100000000)
  region size 1024K, 81 young (82944K), 1 survivors (1024K)
 Metaspace       used 151781K, capacity 156329K, committed 157056K, reserved 1185792K
  class space    used 18750K, capacity 20396K, committed 20608K, reserved 1048576K
}
Event: 13140.755 GC heap after
{Heap after GC invocations=153 (full 0):
 garbage-first heap   total 389120K, used 173776K [0x0000000080000000, 0x0000000100000000)
  region size 1024K, 6 young (6144K), 6 survivors (6144K)
 Metaspace       used 151781K, capacity 156329K, committed 157056K, reserved 1185792K
  class space    used 18750K, capacity 20396K, committed 20608K, reserved 1048576K
}
Event: 13143.657 GC heap before
{Heap before GC invocations=154 (full 0):
 garbage-first heap   total 389120K, used 274128K [0x0000000080000000, 0x0000000100000000)
  region size 1024K, 93 young (95232K), 6 survivors (6144K)
 Metaspace       used 152016K, capacity 156603K, committed 157056K, reserved 1185792K
  class space    used 18760K, capacity 20415K, committed 20608K, reserved 1048576K
}
Event: 13143.738 GC heap after
{Heap after GC invocations=155 (full 0):
 garbage-first heap   total 389120K, used 186376K [0x0000000080000000, 0x0000000100000000)
  region size 1024K, 11 young (11264K), 11 survivors (11264K)
 Metaspace       used 152016K, capacity 156603K, committed 157056K, reserved 1185792K
  class space    used 18760K, capacity 20415K, committed 20608K, reserved 1048576K
}
Event: 13143.846 GC heap before
{Heap before GC invocations=155 (full 0):
 garbage-first heap   total 389120K, used 193544K [0x0000000080000000, 0x0000000100000000)
  region size 1024K, 19 young (19456K), 11 survivors (11264K)
 Metaspace       used 152020K, capacity 156607K, committed 157056K, reserved 1185792K
  class space    used 18761K, capacity 20416K, committed 20608K, reserved 1048576K
}
Event: 13143.944 GC heap after
{Heap after GC invocations=156 (full 0):
 garbage-first heap   total 389120K, used 166778K [0x0000000080000000, 0x0000000100000000)
  region size 1024K, 3 young (3072K), 3 survivors (3072K)
 Metaspace       used 152020K, capacity 156607K, committed 157056K, reserved 1185792K
  class space    used 18761K, capacity 20416K, committed 20608K, reserved 1048576K
}
Event: 13145.087 GC heap before
{Heap before GC invocations=156 (full 0):
 garbage-first heap   total 389120K, used 244602K [0x0000000080000000, 0x0000000100000000)
  region size 1024K, 80 young (81920K), 3 survivors (3072K)
 Metaspace       used 152042K, capacity 156607K, committed 157056K, reserved 1185792K
  class space    used 18763K, capacity 20416K, committed 20608K, reserved 1048576K
}
Event: 13145.225 GC heap after
{Heap after GC invocations=157 (full 0):
 garbage-first heap   total 389120K, used 196230K [0x0000000080000000, 0x0000000100000000)
  region size 1024K, 16 young (16384K), 16 survivors (16384K)
 Metaspace       used 152042K, capacity 156607K, committed 157056K, reserved 1185792K
  class space    used 18763K, capacity 20416K, committed 20608K, reserved 1048576K
}
Event: 13145.368 GC heap before
{Heap before GC invocations=157 (full 0):
 garbage-first heap   total 389120K, used 204422K [0x0000000080000000, 0x0000000100000000)
  region size 1024K, 23 young (23552K), 16 survivors (16384K)
 Metaspace       used 152042K, capacity 156607K, committed 157056K, reserved 1185792K
  class space    used 18763K, capacity 20416K, committed 20608K, reserved 1048576K
}
Event: 13145.436 GC heap after
{Heap after GC invocations=158 (full 0):
 garbage-first heap   total 389120K, used 204098K [0x0000000080000000, 0x0000000100000000)
  region size 1024K, 3 young (3072K), 3 survivors (3072K)
 Metaspace       used 152042K, capacity 156607K, committed 157056K, reserved 1185792K
  class space    used 18763K, capacity 20416K, committed 20608K, reserved 1048576K
}
Event: 13154.037 GC heap before
{Heap before GC invocations=159 (full 0):
 garbage-first heap   total 389120K, used 286018K [0x0000000080000000, 0x0000000100000000)
  region size 1024K, 86 young (88064K), 3 survivors (3072K)
 Metaspace       used 152103K, capacity 156636K, committed 157056K, reserved 1185792K
  class space    used 18764K, capacity 20419K, committed 20608K, reserved 1048576K
}
Event: 13154.870 GC heap after
{Heap after GC invocations=160 (full 0):
 garbage-first heap   total 389120K, used 211605K [0x0000000080000000, 0x0000000100000000)
  region size 1024K, 11 young (11264K), 11 survivors (11264K)
 Metaspace       used 152103K, capacity 156636K, committed 157056K, reserved 1185792K
  class space    used 18764K, capacity 20419K, committed 20608K, reserved 1048576K
}
Event: 13155.501 GC heap before
{Heap before GC invocations=160 (full 0):
 garbage-first heap   total 389120K, used 219797K [0x0000000080000000, 0x0000000100000000)
  region size 1024K, 19 young (19456K), 11 survivors (11264K)
 Metaspace       used 152104K, capacity 156636K, committed 157056K, reserved 1185792K
  class space    used 18764K, capacity 20419K, committed 20608K, reserved 1048576K
}

