# JRE version: OpenJDK Runtime Environment (11.0.12+7) (build 11.0.12+7-b1504.28-7817840)
# Java VM: OpenJDK 64-Bit Server VM (11.0.12+7-b1504.28-7817840, mixed mode, tiered, compressed oops, g1 gc, windows-amd64)
Heap:
 garbage-first heap   total 129024K, used 33813K [0x0000000080000000, 0x0000000100000000)
  region size 1024K, 12 young (12288K), 7 survivors (7168K)
 Metaspace       used 44501K, capacity 45600K, committed 45772K, reserved 1089536K
  class space    used 5691K, capacity 6074K, committed 6092K, reserved 1048576K
GC Heap History (18 events):
Event: 124.473 GC heap before
{Heap before GC invocations=0 (full 0):
 garbage-first heap   total 129024K, used 29696K [0x0000000080000000, 0x0000000100000000)
  region size 1024K, 24 young (24576K), 0 survivors (0K)
 Metaspace       used 9901K, capacity 10114K, committed 10368K, reserved 1058816K
  class space    used 1028K, capacity 1102K, committed 1152K, reserved 1048576K
}
Event: 124.551 GC heap after
{Heap after GC invocations=1 (full 0):
 garbage-first heap   total 129024K, used 9429K [0x0000000080000000, 0x0000000100000000)
  region size 1024K, 3 young (3072K), 3 survivors (3072K)
 Metaspace       used 9901K, capacity 10114K, committed 10368K, reserved 1058816K
  class space    used 1028K, capacity 1102K, committed 1152K, reserved 1048576K
}
Event: 137.007 GC heap before
{Heap before GC invocations=1 (full 0):
 garbage-first heap   total 129024K, used 24789K [0x0000000080000000, 0x0000000100000000)
  region size 1024K, 18 young (18432K), 3 survivors (3072K)
 Metaspace       used 10802K, capacity 11005K, committed 11264K, reserved 1058816K
  class space    used 1130K, capacity 1207K, committed 1280K, reserved 1048576K
}
Event: 137.017 GC heap after
{Heap after GC invocations=2 (full 0):
 garbage-first heap   total 129024K, used 9732K [0x0000000080000000, 0x0000000100000000)
  region size 1024K, 1 young (1024K), 1 survivors (1024K)
 Metaspace       used 10802K, capacity 11005K, committed 11264K, reserved 1058816K
  class space    used 1130K, capacity 1207K, committed 1280K, reserved 1048576K
}
Event: 221.774 GC heap before
{Heap before GC invocations=2 (full 0):
 garbage-first heap   total 129024K, used 43524K [0x0000000080000000, 0x0000000100000000)
  region size 1024K, 34 young (34816K), 1 survivors (1024K)
 Metaspace       used 11320K, capacity 11573K, committed 11904K, reserved 1060864K
  class space    used 1229K, capacity 1311K, committed 1408K, reserved 1048576K
}
Event: 221.804 GC heap after
{Heap after GC invocations=3 (full 0):
 garbage-first heap   total 129024K, used 13979K [0x0000000080000000, 0x0000000100000000)
  region size 1024K, 5 young (5120K), 5 survivors (5120K)
 Metaspace       used 11320K, capacity 11573K, committed 11904K, reserved 1060864K
  class space    used 1229K, capacity 1311K, committed 1408K, reserved 1048576K
}
Event: 232.135 GC heap before
{Heap before GC invocations=3 (full 0):
 garbage-first heap   total 129024K, used 65179K [0x0000000080000000, 0x0000000100000000)
  region size 1024K, 55 young (56320K), 5 survivors (5120K)
 Metaspace       used 20289K, capacity 20680K, committed 20864K, reserved 1067008K
  class space    used 2492K, capacity 2645K, committed 2688K, reserved 1048576K
}
Event: 232.197 GC heap after
{Heap after GC invocations=4 (full 0):
 garbage-first heap   total 129024K, used 17037K [0x0000000080000000, 0x0000000100000000)
  region size 1024K, 3 young (3072K), 3 survivors (3072K)
 Metaspace       used 20289K, capacity 20680K, committed 20864K, reserved 1067008K
  class space    used 2492K, capacity 2645K, committed 2688K, reserved 1048576K
}
Event: 232.447 GC heap before
{Heap before GC invocations=4 (full 0):
 garbage-first heap   total 129024K, used 19085K [0x0000000080000000, 0x0000000100000000)
  region size 1024K, 6 young (6144K), 3 survivors (3072K)
 Metaspace       used 20718K, capacity 21131K, committed 21248K, reserved 1067008K
  class space    used 2540K, capacity 2710K, committed 2816K, reserved 1048576K
}
Event: 232.461 GC heap after
{Heap after GC invocations=5 (full 0):
 garbage-first heap   total 129024K, used 17073K [0x0000000080000000, 0x0000000100000000)
  region size 1024K, 3 young (3072K), 3 survivors (3072K)
 Metaspace       used 20718K, capacity 21131K, committed 21248K, reserved 1067008K
  class space    used 2540K, capacity 2710K, committed 2816K, reserved 1048576K
}
Event: 233.939 GC heap before
{Heap before GC invocations=6 (full 0):
 garbage-first heap   total 129024K, used 65201K [0x0000000080000000, 0x0000000100000000)
  region size 1024K, 50 young (51200K), 3 survivors (3072K)
 Metaspace       used 25583K, capacity 26127K, committed 26368K, reserved 1073152K
  class space    used 3294K, capacity 3487K, committed 3584K, reserved 1048576K
}
Event: 233.944 GC heap after
{Heap after GC invocations=7 (full 0):
 garbage-first heap   total 129024K, used 18882K [0x0000000080000000, 0x0000000100000000)
  region size 1024K, 5 young (5120K), 5 survivors (5120K)
 Metaspace       used 25583K, capacity 26127K, committed 26368K, reserved 1073152K
  class space    used 3294K, capacity 3487K, committed 3584K, reserved 1048576K
}
Event: 236.093 GC heap before
{Heap before GC invocations=7 (full 0):
 garbage-first heap   total 129024K, used 70082K [0x0000000080000000, 0x0000000100000000)
  region size 1024K, 55 young (56320K), 5 survivors (5120K)
 Metaspace       used 30673K, capacity 31394K, committed 31616K, reserved 1077248K
  class space    used 4105K, capacity 4377K, committed 4480K, reserved 1048576K
}
Event: 236.128 GC heap after
{Heap after GC invocations=8 (full 0):
 garbage-first heap   total 129024K, used 20736K [0x0000000080000000, 0x0000000100000000)
  region size 1024K, 4 young (4096K), 4 survivors (4096K)
 Metaspace       used 30673K, capacity 31394K, committed 31616K, reserved 1077248K
  class space    used 4105K, capacity 4377K, committed 4480K, reserved 1048576K
}
Event: 237.088 GC heap before
{Heap before GC invocations=8 (full 0):
 garbage-first heap   total 129024K, used 33024K [0x0000000080000000, 0x0000000100000000)
  region size 1024K, 17 young (17408K), 4 survivors (4096K)
 Metaspace       used 35008K, capacity 35782K, committed 35840K, reserved 1081344K
  class space    used 4538K, capacity 4839K, committed 4864K, reserved 1048576K
}
Event: 237.099 GC heap after
{Heap after GC invocations=9 (full 0):
 garbage-first heap   total 129024K, used 22318K [0x0000000080000000, 0x0000000100000000)
  region size 1024K, 6 young (6144K), 6 survivors (6144K)
 Metaspace       used 35008K, capacity 35782K, committed 35840K, reserved 1081344K
  class space    used 4538K, capacity 4839K, committed 4864K, reserved 1048576K
}
Event: 239.077 GC heap before
{Heap before GC invocations=10 (full 0):
 garbage-first heap   total 129024K, used 75566K [0x0000000080000000, 0x0000000100000000)
  region size 1024K, 56 young (57344K), 6 survivors (6144K)
 Metaspace       used 39656K, capacity 40677K, committed 40780K, reserved 1085440K
  class space    used 5058K, capacity 5422K, committed 5452K, reserved 1048576K
}
Event: 239.093 GC heap after
{Heap after GC invocations=11 (full 0):
 garbage-first heap   total 129024K, used 26463K [0x0000000080000000, 0x0000000100000000)
  region size 1024K, 7 young (7168K), 7 survivors (7168K)
 Metaspace       used 39656K, capacity 40677K, committed 40780K, reserved 1085440K
  class space    used 5058K, capacity 5422K, committed 5452K, reserved 1048576K
}

